2021-06-30 12:19:28.634 -04:00 [FTL] The plugin state for "067f4da2-98b5-43f5-9698-d77c81184642" could not be loaded.
System.ArgumentOutOfRangeException: Specified argument was out of the range of valid values. (Parameter 'count')
   at System.Linq.ThrowHelper.ThrowArgumentOutOfRangeException(ExceptionArgument argument)
   at System.Linq.Enumerable.Range(Int32 start, Int32 count)
   at Komponent.IO.BinaryReaderX.ReadMultipleInternal(Int32 count, Type type)
   at Komponent.IO.BinaryReaderX.ReadMultiple[T](Int32 count)
   at plugin_bandai_namco.Archives.L7c.Load(Stream input)
   at plugin_bandai_namco.Archives.L7cState.Load(IFileSystem fileSystem, UPath filePath, LoadContext loadContext)
   at Kore.Managers.Plugins.FileManagement.FileLoader.<>c__DisplayClass10_0.<<TryLoadStateAsync>b__0>d.MoveNext()
--- End of stack trace from previous location where exception was thrown ---
   at Kore.Managers.Plugins.FileManagement.FileLoader.TryLoadStateAsync(IPluginState pluginState, IFileSystem fileSystem, UPath filePath, LoadContext loadContext, LoadInfo loadInfo, IFilePlugin plugin)
2021-06-30 12:23:50.310 -04:00 [FTL] The plugin state for "067f4da2-98b5-43f5-9698-d77c81184642" could not be loaded.
System.ArgumentOutOfRangeException: Specified argument was out of the range of valid values. (Parameter 'count')
   at System.Linq.ThrowHelper.ThrowArgumentOutOfRangeException(ExceptionArgument argument)
   at System.Linq.Enumerable.Range(Int32 start, Int32 count)
   at Komponent.IO.BinaryReaderX.ReadMultipleInternal(Int32 count, Type type)
   at Komponent.IO.BinaryReaderX.ReadMultiple[T](Int32 count)
   at plugin_bandai_namco.Archives.L7c.Load(Stream input)
   at plugin_bandai_namco.Archives.L7cState.Load(IFileSystem fileSystem, UPath filePath, LoadContext loadContext)
   at Kore.Managers.Plugins.FileManagement.FileLoader.<>c__DisplayClass10_0.<<TryLoadStateAsync>b__0>d.MoveNext()
--- End of stack trace from previous location where exception was thrown ---
   at Kore.Managers.Plugins.FileManagement.FileLoader.TryLoadStateAsync(IPluginState pluginState, IFileSystem fileSystem, UPath filePath, LoadContext loadContext, LoadInfo loadInfo, IFilePlugin plugin)
2021-06-30 12:31:02.402 -04:00 [FTL] The plugin state for "067f4da2-98b5-43f5-9698-d77c81184642" could not be loaded.
System.ArgumentOutOfRangeException: Specified argument was out of the range of valid values. (Parameter 'count')
   at System.Linq.ThrowHelper.ThrowArgumentOutOfRangeException(ExceptionArgument argument)
   at System.Linq.Enumerable.Range(Int32 start, Int32 count)
   at Komponent.IO.BinaryReaderX.ReadMultipleInternal(Int32 count, Type type)
   at Komponent.IO.BinaryReaderX.ReadMultiple[T](Int32 count)
   at plugin_bandai_namco.Archives.L7c.Load(Stream input)
   at plugin_bandai_namco.Archives.L7cState.Load(IFileSystem fileSystem, UPath filePath, LoadContext loadContext)
   at Kore.Managers.Plugins.FileManagement.FileLoader.<>c__DisplayClass10_0.<<TryLoadStateAsync>b__0>d.MoveNext()
--- End of stack trace from previous location where exception was thrown ---
   at Kore.Managers.Plugins.FileManagement.FileLoader.TryLoadStateAsync(IPluginState pluginState, IFileSystem fileSystem, UPath filePath, LoadContext loadContext, LoadInfo loadInfo, IFilePlugin plugin)
2021-10-20 02:22:07.243 -04:00 [FTL] The plugin state for "067f4da2-98b5-43f5-9698-d77c81184642" could not be loaded.
System.ArgumentOutOfRangeException: Specified argument was out of the range of valid values. (Parameter 'count')
   at System.Linq.ThrowHelper.ThrowArgumentOutOfRangeException(ExceptionArgument argument)
   at System.Linq.Enumerable.Range(Int32 start, Int32 count)
   at Komponent.IO.BinaryReaderX.ReadMultipleInternal(Int32 count, Type type)
   at Komponent.IO.BinaryReaderX.ReadMultiple[T](Int32 count)
   at plugin_bandai_namco.Archives.L7c.Load(Stream input)
   at plugin_bandai_namco.Archives.L7cState.Load(IFileSystem fileSystem, UPath filePath, LoadContext loadContext)
   at Kore.Managers.Plugins.FileManagement.FileLoader.<>c__DisplayClass10_0.<<TryLoadStateAsync>b__0>d.MoveNext()
--- End of stack trace from previous location where exception was thrown ---
   at Kore.Managers.Plugins.FileManagement.FileLoader.TryLoadStateAsync(IPluginState pluginState, IFileSystem fileSystem, UPath filePath, LoadContext loadContext, LoadInfo loadInfo, IFilePlugin plugin)
2021-10-20 02:22:55.354 -04:00 [FTL] The plugin state for "067f4da2-98b5-43f5-9698-d77c81184642" could not be loaded.
System.ArgumentOutOfRangeException: Specified argument was out of the range of valid values. (Parameter 'count')
   at System.Linq.ThrowHelper.ThrowArgumentOutOfRangeException(ExceptionArgument argument)
   at System.Linq.Enumerable.Range(Int32 start, Int32 count)
   at Komponent.IO.BinaryReaderX.ReadMultipleInternal(Int32 count, Type type)
   at Komponent.IO.BinaryReaderX.ReadMultiple[T](Int32 count)
   at plugin_bandai_namco.Archives.L7c.Load(Stream input)
   at plugin_bandai_namco.Archives.L7cState.Load(IFileSystem fileSystem, UPath filePath, LoadContext loadContext)
   at Kore.Managers.Plugins.FileManagement.FileLoader.<>c__DisplayClass10_0.<<TryLoadStateAsync>b__0>d.MoveNext()
--- End of stack trace from previous location where exception was thrown ---
   at Kore.Managers.Plugins.FileManagement.FileLoader.TryLoadStateAsync(IPluginState pluginState, IFileSystem fileSystem, UPath filePath, LoadContext loadContext, LoadInfo loadInfo, IFilePlugin plugin)
2021-10-20 02:26:19.883 -04:00 [FTL] Tried to identify file '/_Data/Effect/0011.pck' with plugin '"cf5ae49f-0ce9-4241-900c-668b5c62ce33"'.
System.ArgumentOutOfRangeException: Index was out of range. Must be non-negative and less than the size of the collection. (Parameter 'index')
   at System.Collections.Generic.List`1.get_Item(Int32 index)
   at plugin_bandai_namco.Archives.ChunkStream.GetChunkByPosition(Int64 position)
   at plugin_bandai_namco.Archives.ChunkStream.Seek(Int64 offset, SeekOrigin origin)
   at plugin_bandai_namco.Archives.ChunkStream.set_Position(Int64 value)
   at Kore.Streams.UndisposableStream.set_Position(Int64 value)
   at plugin_nintendo.BCLIM.BxlimPlugin.IdentifyAsync(IFileSystem fileSystem, UPath filePath, IdentifyContext identifyContext)
   at Kore.Managers.Plugins.FileManagement.FileLoader.TryIdentifyFileAsync(IIdentifyFiles identifyFile, IFileSystem fileSystem, UPath filePath, IStreamManager streamManager)
   at Kore.Managers.Plugins.FileManagement.FileLoader.<>c__DisplayClass6_1.<<IdentifyPluginAsync>b__0>d.MoveNext()
--- End of stack trace from previous location where exception was thrown ---
   at Kore.Managers.Plugins.FileManagement.FileLoader.IdentifyPluginAsync(IFileSystem fileSystem, UPath filePath, LoadInfo loadInfo)
2022-10-22 16:49:41.113 -04:00 [FTL] Tried to identify file '/_Data/Title/TitleANE/TitleANE.pck' with plugin '"cf5ae49f-0ce9-4241-900c-668b5c62ce33"'.
System.ArgumentOutOfRangeException: Index was out of range. Must be non-negative and less than the size of the collection. (Parameter 'index')
   at System.Collections.Generic.List`1.get_Item(Int32 index)
   at plugin_bandai_namco.Archives.ChunkStream.GetChunkByPosition(Int64 position)
   at plugin_bandai_namco.Archives.ChunkStream.Seek(Int64 offset, SeekOrigin origin)
   at plugin_bandai_namco.Archives.ChunkStream.set_Position(Int64 value)
   at Kore.Streams.UndisposableStream.set_Position(Int64 value)
   at plugin_nintendo.BCLIM.BxlimPlugin.IdentifyAsync(IFileSystem fileSystem, UPath filePath, IdentifyContext identifyContext)
   at Kore.Managers.Plugins.FileManagement.FileLoader.TryIdentifyFileAsync(IIdentifyFiles identifyFile, IFileSystem fileSystem, UPath filePath, IStreamManager streamManager)
   at Kore.Managers.Plugins.FileManagement.FileLoader.<>c__DisplayClass6_1.<<IdentifyPluginAsync>b__0>d.MoveNext()
--- End of stack trace from previous location where exception was thrown ---
   at Kore.Managers.Plugins.FileManagement.FileLoader.IdentifyPluginAsync(IFileSystem fileSystem, UPath filePath, LoadInfo loadInfo)
2023-01-20 02:00:55.686 -05:00 [FTL] The plugin state for "067f4da2-98b5-43f5-9698-d77c81184642" could not be loaded.
System.ArgumentOutOfRangeException: Specified argument was out of the range of valid values. (Parameter 'count')
   at System.Linq.ThrowHelper.ThrowArgumentOutOfRangeException(ExceptionArgument argument)
   at System.Linq.Enumerable.Range(Int32 start, Int32 count)
   at Komponent.IO.BinaryReaderX.ReadMultipleInternal(Int32 count, Type type)
   at Komponent.IO.BinaryReaderX.ReadMultiple[T](Int32 count)
   at plugin_bandai_namco.Archives.L7c.Load(Stream input)
   at plugin_bandai_namco.Archives.L7cState.Load(IFileSystem fileSystem, UPath filePath, LoadContext loadContext)
   at Kore.Managers.Plugins.FileManagement.FileLoader.<>c__DisplayClass10_0.<<TryLoadStateAsync>b__0>d.MoveNext()
--- End of stack trace from previous location where exception was thrown ---
   at Kore.Managers.Plugins.FileManagement.FileLoader.TryLoadStateAsync(IPluginState pluginState, IFileSystem fileSystem, UPath filePath, LoadContext loadContext, LoadInfo loadInfo, IFilePlugin plugin)
2023-01-20 02:01:10.505 -05:00 [FTL] The plugin state for "067f4da2-98b5-43f5-9698-d77c81184642" could not be loaded.
System.ArgumentOutOfRangeException: Specified argument was out of the range of valid values. (Parameter 'count')
   at System.Linq.ThrowHelper.ThrowArgumentOutOfRangeException(ExceptionArgument argument)
   at System.Linq.Enumerable.Range(Int32 start, Int32 count)
   at Komponent.IO.BinaryReaderX.ReadMultipleInternal(Int32 count, Type type)
   at Komponent.IO.BinaryReaderX.ReadMultiple[T](Int32 count)
   at plugin_bandai_namco.Archives.L7c.Load(Stream input)
   at plugin_bandai_namco.Archives.L7cState.Load(IFileSystem fileSystem, UPath filePath, LoadContext loadContext)
   at Kore.Managers.Plugins.FileManagement.FileLoader.<>c__DisplayClass10_0.<<TryLoadStateAsync>b__0>d.MoveNext()
--- End of stack trace from previous location where exception was thrown ---
   at Kore.Managers.Plugins.FileManagement.FileLoader.TryLoadStateAsync(IPluginState pluginState, IFileSystem fileSystem, UPath filePath, LoadContext loadContext, LoadInfo loadInfo, IFilePlugin plugin)
2023-01-20 02:01:38.328 -05:00 [FTL] The plugin state for "067f4da2-98b5-43f5-9698-d77c81184642" could not be loaded.
System.ArgumentOutOfRangeException: Specified argument was out of the range of valid values. (Parameter 'count')
   at System.Linq.ThrowHelper.ThrowArgumentOutOfRangeException(ExceptionArgument argument)
   at System.Linq.Enumerable.Range(Int32 start, Int32 count)
   at Komponent.IO.BinaryReaderX.ReadMultipleInternal(Int32 count, Type type)
   at Komponent.IO.BinaryReaderX.ReadMultiple[T](Int32 count)
   at plugin_bandai_namco.Archives.L7c.Load(Stream input)
   at plugin_bandai_namco.Archives.L7cState.Load(IFileSystem fileSystem, UPath filePath, LoadContext loadContext)
   at Kore.Managers.Plugins.FileManagement.FileLoader.<>c__DisplayClass10_0.<<TryLoadStateAsync>b__0>d.MoveNext()
--- End of stack trace from previous location where exception was thrown ---
   at Kore.Managers.Plugins.FileManagement.FileLoader.TryLoadStateAsync(IPluginState pluginState, IFileSystem fileSystem, UPath filePath, LoadContext loadContext, LoadInfo loadInfo, IFilePlugin plugin)
